Time used:      57 seconds
Alpha:          0.900000
temperature:    1000.000000
end:            0.010000
max iterations: 50000
iterations run: 110
Best value:     14211
Best args found: 
numFryers             1
maxFryerSize          3
numCustQueues         2
openHour              5
closeHour             21
corndogPrice          3.250000
corndogCost           1.000000
corndogCookTime       3
wage                  7.750000
customerPerMin        2
drinkChance           0.800000
drinkTempChance       0.100000
foodChance            0.700000
foodMealChance        0.100000
customerMaxQueueTime  5
customerChance        0.500000
customerChanceHour    0.050000
Hourly temps:         60 61 62 63 64 65 66 67 68 69 70 71 72 71 70 69 68 67 66 65 64 63 62

