Time used:      384 seconds
Alpha:          0.980000
temperature:    100000.000000
end:            0.010000
max iterations: 50000
iterations run: 798
Best value:     30188
Best args found: 
numFryers             1
maxFryerSize          6
numCustQueues         2
openHour              5
closeHour             22
corndogPrice          3.750000
corndogCost           1.250000
corndogCookTime       3
wage                  8.000000
customerPerMin        2
drinkChance           0.700000
drinkTempChance       0.100000
foodChance            0.900000
foodMealChance        0.100000
customerMaxQueueTime  6
customerChance        0.800000
customerChanceHour    0.150000
Hourly temps:         60 61 62 63 64 65 66 67 68 69 70 71 72 71 70 69 68 67 66 65 64 63 62

