Time used:      98 seconds
Alpha:          0.950000
temperature:    1000.000000
end:            0.010000
max iterations: 50000
iterations run: 225
Best value:     23334
Best args found: 
numFryers             2
maxFryerSize          4
numCustQueues         2
openHour              6
closeHour             21
corndogPrice          3.750000
corndogCost           1.500000
corndogCookTime       4
wage                  8.000000
customerPerMin        2
drinkChance           0.500000
drinkTempChance       0.150000
foodChance            0.900000
foodMealChance        0.150000
customerMaxQueueTime  6
customerChance        0.800000
customerChanceHour    0.150000
Hourly temps:         60 61 62 63 64 65 66 67 68 69 70 71 72 71 70 69 68 67 66 65 64 63 62

