Time expired: 20 seconds
Best value: 28692
Best args found: 
numFryers             2
maxFryerSize          3
numCustQueues         2
openHour              5
closeHour             23
corndogPrice          3.750000
corndogCost           1.000000
corndogCookTime       4
wage                  7.750000
customerPerMin        2
drinkChance           0.800000
drinkTempChance       0.100000
foodChance            0.900000
foodMealChance        0.150000
customerMaxQueueTime  6
customerChance        0.500000
customerChanceHour    0.150000
Hourly temps:         60 61 62 63 64 65 66 67 68 69 70 71 72 71 70 69 68 67 66 65 64 63 62

