Time expired: 120 seconds
Best value: 34325
Best args found: 
numFryers             1
maxFryerSize          5
numCustQueues         2
openHour              5
closeHour             23
corndogPrice          4.000000
corndogCost           1.000000
corndogCookTime       3
wage                  7.750000
customerPerMin        2
drinkChance           0.800000
drinkTempChance       0.150000
foodChance            0.800000
foodMealChance        0.150000
customerMaxQueueTime  7
customerChance        0.750000
customerChanceHour    0.150000
Hourly temps:         60 61 62 63 64 65 66 67 68 69 70 71 72 71 70 69 68 67 66 65 64 63 62

