Time expired: 20 seconds
Best value: 24268
Best args found: 
numFryers             1
maxFryerSize          4
numCustQueues         2
openHour              5
closeHour             23
corndogPrice          4.000000
corndogCost           1.000000
corndogCookTime       3
wage                  7.750000
customerPerMin        2
drinkChance           0.600000
drinkTempChance       0.100000
foodChance            0.500000
foodMealChance        0.100000
customerMaxQueueTime  7
customerChance        0.800000
customerChanceHour    0.100000
Hourly temps:         60 61 62 63 64 65 66 67 68 69 70 71 72 71 70 69 68 67 66 65 64 63 62

